生成启动时间为 2016/4/19 0:17:49。
     1>项目“D:\ColinProject\TaskManager\Task Manager\Task Manager.vcxproj”在节点 2 上(Build 个目标)。
     1>ClCompile:
         C:\Program Files (x86)\Microsoft Visual Studio 12.0\VC\bin\CL.exe /c /ZI /nologo /W3 /WX- /sdl /Od /Oy- /D WIN32 /D _WINDOWS /D _DEBUG /D _UNICODE /D UNICODE /D _AFXDLL /Gm /EHsc /RTC1 /MDd /GS /fp:precise /Zc:wchar_t /Zc:forScope /Yc"stdafx.h" /Fp"Debug\Task Manager.pch" /Fo"Debug\\" /Fd"Debug\vc120.pdb" /Gd /TP /analyze- /errorReport:prompt stdafx.cpp
         stdafx.cpp
         C:\Program Files (x86)\Microsoft Visual Studio 12.0\VC\bin\CL.exe /c /ZI /nologo /W3 /WX- /sdl /Od /Oy- /D WIN32 /D _WINDOWS /D _DEBUG /D _UNICODE /D UNICODE /D _AFXDLL /Gm /EHsc /RTC1 /MDd /GS /fp:precise /Zc:wchar_t /Zc:forScope /Yu"stdafx.h" /Fp"Debug\Task Manager.pch" /Fo"Debug\\" /Fd"Debug\vc120.pdb" /Gd /TP /analyze- /errorReport:prompt Block.cpp "Task Manager.cpp" "Task ManagerDlg.cpp"
         Task ManagerDlg.cpp
     1>d:\colinproject\taskmanager\task manager\task managerdlg.h(14): warning C4307: “*”: 整型常量溢出
         Task Manager.cpp
     1>d:\colinproject\taskmanager\task manager\task managerdlg.h(14): warning C4307: “*”: 整型常量溢出
         Block.cpp
         正在生成代码...
       ResourceCompile:
         C:\Program Files (x86)\Windows Kits\8.1\bin\x86\rc.exe /D _DEBUG /D _UNICODE /D UNICODE /D _AFXDLL /l"0x0804" /IDebug\ /nologo /fo"Debug\Task Manager.res" "Task Manager.rc" 
       Link:
         C:\Program Files (x86)\Microsoft Visual Studio 12.0\VC\bin\link.exe /ERRORREPORT:PROMPT /OUT:"D:\ColinProject\TaskManager\Debug\Task Manager.exe" /INCREMENTAL /NOLOGO /MANIFEST /MANIFESTUAC:"level='asInvoker' uiAccess='false'" /manifest:embed /manifestinput:"C:\Program Files (x86)\Microsoft Visual Studio 12.0\VC\Include\Manifest\dpiaware.manifest" /DEBUG /PDB:"D:\ColinProject\TaskManager\Debug\Task Manager.pdb" /SUBSYSTEM:WINDOWS /TLBID:1 /ENTRY:"wWinMainCRTStartup" /DYNAMICBASE /NXCOMPAT /IMPLIB:"D:\ColinProject\TaskManager\Debug\Task Manager.lib" /MACHINE:X86 "Debug\Task Manager.res"
         Debug\Block.obj
         Debug\stdafx.obj
         "Debug\Task Manager.obj"
         "Debug\Task ManagerDlg.obj"
         Task Manager.vcxproj -> D:\ColinProject\TaskManager\Debug\Task Manager.exe
     1>已完成生成项目“D:\ColinProject\TaskManager\Task Manager\Task Manager.vcxproj”(Build 个目标)的操作。

生成成功。

已用时间 00:00:07.45
