d:\colin项目整理\task manager\task manager\debug\task manager.pch
d:\colin项目整理\task manager\task manager\debug\vc120.pdb
d:\colin项目整理\task manager\task manager\debug\vc120.idb
d:\colin项目整理\task manager\task manager\debug\stdafx.obj
d:\colin项目整理\task manager\task manager\debug\block.obj
d:\colin项目整理\task manager\task manager\debug\task manager.obj
d:\colin项目整理\task manager\task manager\debug\task managerdlg.obj
d:\colin项目整理\task manager\debug\task manager.ilk
d:\colin项目整理\task manager\debug\task manager.exe
d:\colin项目整理\task manager\debug\task manager.pdb
d:\colin项目整理\task manager\task manager\debug\task manager.res
d:\colin项目整理\task manager\task manager\debug\task manager.tlog\cl.command.1.tlog
d:\colin项目整理\task manager\task manager\debug\task manager.tlog\cl.read.1.tlog
d:\colin项目整理\task manager\task manager\debug\task manager.tlog\cl.write.1.tlog
d:\colin项目整理\task manager\task manager\debug\task manager.tlog\link.command.1.tlog
d:\colin项目整理\task manager\task manager\debug\task manager.tlog\link.read.1.tlog
d:\colin项目整理\task manager\task manager\debug\task manager.tlog\link.write.1.tlog
d:\colin项目整理\task manager\task manager\debug\task manager.tlog\rc.command.1.tlog
d:\colin项目整理\task manager\task manager\debug\task manager.tlog\rc.read.1.tlog
d:\colin项目整理\task manager\task manager\debug\task manager.tlog\rc.write.1.tlog
